<?xml version="1.0" encoding="UTF-8"?>
<testsuites name="1 Test Suite Testing" time="19.772" tests="6" failures="0" errors="0">
   <testsuite name="1 Test Suite Testing" tests="6" failures="0" errors="0" time="19.772" skipped="0" timestamp="12-02-2024T17:04:00" hostname="ACER - LAPTOP-DI70DTOM" id="Test Suites/1 Test Suite Testing">
      <properties>
         <property name="deviceName" value=""/>
         <property name="devicePlatform" value=""/>
         <property name="logFolder" value="C:\\Users\\ACER\\git\\Assigment-2-QA-API\\Reports\\20240212_170354\\1 Test Suite Testing\\20240212_170354"/>
         <property name="logFiles" value="C:\\Users\\ACER\\git\\Assigment-2-QA-API\\Reports\\20240212_170354\\1 Test Suite Testing\\20240212_170354\\execution0.log"/>
         <property name="attachments" value=""/>
         <property name="hostName" value="ACER - LAPTOP-DI70DTOM"/>
         <property name="hostAddress" value="172.16.213.233"/>
         <property name="os" value="Windows 11 64bit"/>
         <property name="katalonVersion" value="9.3.0.212"/>
      </properties>
      <testcase name="Test Cases/URL 1/1 POST Test Case" time="5.176" classname="Test Cases/URL 1/1 POST Test Case" status="PASSED">
         <system-out><![CDATA[12-02-2024T17:04:00 - [TEST_CASE][PASSED] - Test Cases/URL 1/1 POST Test Case: Test Cases/URL 1/1 POST Test Case

12-02-2024T17:04:01 - [TEST_STEP][PASSED] - response = sendRequest(findTestObject("URL 1/1 POST Request")): Send request successfully

12-02-2024T17:04:03 - [MESSAGE][INFO] - HAR: C:\Users\ACER\git\Assigment-2-QA-API\Reports\20240212_170354\1 Test Suite Testing\20240212_170354\requests\main\0.har

12-02-2024T17:04:03 - [MESSAGE][PASSED] - Send request successfully

12-02-2024T17:04:03 - [TEST_STEP][PASSED] - verifyResponseStatusCode(response, 201): Verify response status code successfully

12-02-2024T17:04:03 - [MESSAGE][PASSED] - Verify response status code successfully

12-02-2024T17:04:05 - [TEST_STEP][PASSED] - Video: Video recording for test case 'Test Cases/URL 1/1 POST Test Case' .

12-02-2024T17:04:05 - [MESSAGE][INFO] - Video recording for test case 'Test Cases/URL 1/1 POST Test Case' .]]></system-out>
         <system-err><![CDATA[]]></system-err>
      </testcase>
      <testcase name="Test Cases/URL 1/2 PUT Request Test Case" time="2.969" classname="Test Cases/URL 1/2 PUT Request Test Case" status="PASSED">
         <system-out><![CDATA[12-02-2024T17:04:05 - [TEST_CASE][PASSED] - Test Cases/URL 1/2 PUT Request Test Case: Test Cases/URL 1/2 PUT Request Test Case

12-02-2024T17:04:05 - [TEST_STEP][PASSED] - response2 = sendRequest(findTestObject("URL 1/2 PUT Request")): Send request successfully

12-02-2024T17:04:06 - [MESSAGE][INFO] - HAR: C:\Users\ACER\git\Assigment-2-QA-API\Reports\20240212_170354\1 Test Suite Testing\20240212_170354\requests\main\1.har

12-02-2024T17:04:06 - [MESSAGE][PASSED] - Send request successfully

12-02-2024T17:04:06 - [TEST_STEP][PASSED] - verifyResponseStatusCode(response2, 200): Verify response status code successfully

12-02-2024T17:04:06 - [MESSAGE][PASSED] - Verify response status code successfully

12-02-2024T17:04:08 - [TEST_STEP][PASSED] - Video: Video recording for test case 'Test Cases/URL 1/2 PUT Request Test Case' .

12-02-2024T17:04:08 - [MESSAGE][INFO] - Video recording for test case 'Test Cases/URL 1/2 PUT Request Test Case' .]]></system-out>
         <system-err><![CDATA[]]></system-err>
      </testcase>
      <testcase name="Test Cases/URL 1/3 PATCH Request Test Case" time="2.983" classname="Test Cases/URL 1/3 PATCH Request Test Case" status="PASSED">
         <system-out><![CDATA[12-02-2024T17:04:08 - [TEST_CASE][PASSED] - Test Cases/URL 1/3 PATCH Request Test Case: Test Cases/URL 1/3 PATCH Request Test Case

12-02-2024T17:04:08 - [TEST_STEP][PASSED] - response = sendRequest(findTestObject("URL 1/3 PATCH Request")): Send request successfully

12-02-2024T17:04:09 - [MESSAGE][INFO] - HAR: C:\Users\ACER\git\Assigment-2-QA-API\Reports\20240212_170354\1 Test Suite Testing\20240212_170354\requests\main\2.har

12-02-2024T17:04:09 - [MESSAGE][PASSED] - Send request successfully

12-02-2024T17:04:09 - [TEST_STEP][PASSED] - verifyResponseStatusCode(response, 200): Verify response status code successfully

12-02-2024T17:04:09 - [MESSAGE][PASSED] - Verify response status code successfully

12-02-2024T17:04:11 - [TEST_STEP][PASSED] - Video: Video recording for test case 'Test Cases/URL 1/3 PATCH Request Test Case' .

12-02-2024T17:04:11 - [MESSAGE][INFO] - Video recording for test case 'Test Cases/URL 1/3 PATCH Request Test Case' .]]></system-out>
         <system-err><![CDATA[]]></system-err>
      </testcase>
      <testcase name="Test Cases/URL 1/4 Delete Request Test Case" time="2.981" classname="Test Cases/URL 1/4 Delete Request Test Case" status="PASSED">
         <system-out><![CDATA[12-02-2024T17:04:11 - [TEST_CASE][PASSED] - Test Cases/URL 1/4 Delete Request Test Case: Test Cases/URL 1/4 Delete Request Test Case

12-02-2024T17:04:11 - [TEST_STEP][PASSED] - response = sendRequest(findTestObject("URL 1/4 DELETE Request")): Send request successfully

12-02-2024T17:04:12 - [MESSAGE][INFO] - HAR: C:\Users\ACER\git\Assigment-2-QA-API\Reports\20240212_170354\1 Test Suite Testing\20240212_170354\requests\main\3.har

12-02-2024T17:04:12 - [MESSAGE][PASSED] - Send request successfully

12-02-2024T17:04:12 - [TEST_STEP][PASSED] - verifyResponseStatusCode(response, 200): Verify response status code successfully

12-02-2024T17:04:12 - [MESSAGE][PASSED] - Verify response status code successfully

12-02-2024T17:04:14 - [TEST_STEP][PASSED] - Video: Video recording for test case 'Test Cases/URL 1/4 Delete Request Test Case' .

12-02-2024T17:04:14 - [MESSAGE][INFO] - Video recording for test case 'Test Cases/URL 1/4 Delete Request Test Case' .]]></system-out>
         <system-err><![CDATA[]]></system-err>
      </testcase>
      <testcase name="Test Cases/URL 2/5 POST Test Case" time="3.015" classname="Test Cases/URL 2/5 POST Test Case" status="PASSED">
         <system-out><![CDATA[12-02-2024T17:04:14 - [TEST_CASE][PASSED] - Test Cases/URL 2/5 POST Test Case: Test Cases/URL 2/5 POST Test Case

12-02-2024T17:04:14 - [TEST_STEP][PASSED] - response = sendRequest(findTestObject("URL 2/5 POST Request")): Send request successfully

12-02-2024T17:04:15 - [MESSAGE][INFO] - HAR: C:\Users\ACER\git\Assigment-2-QA-API\Reports\20240212_170354\1 Test Suite Testing\20240212_170354\requests\main\4.har

12-02-2024T17:04:15 - [MESSAGE][PASSED] - Send request successfully

12-02-2024T17:04:15 - [TEST_STEP][PASSED] - verifyResponseStatusCode(response, 201): Verify response status code successfully

12-02-2024T17:04:15 - [MESSAGE][PASSED] - Verify response status code successfully

12-02-2024T17:04:17 - [TEST_STEP][PASSED] - Video: Video recording for test case 'Test Cases/URL 2/5 POST Test Case' .

12-02-2024T17:04:17 - [MESSAGE][INFO] - Video recording for test case 'Test Cases/URL 2/5 POST Test Case' .]]></system-out>
         <system-err><![CDATA[]]></system-err>
      </testcase>
      <testcase name="Test Cases/URL 2/6 DELETE Test Case" time="2.444" classname="Test Cases/URL 2/6 DELETE Test Case" status="PASSED">
         <system-out><![CDATA[12-02-2024T17:04:17 - [TEST_CASE][PASSED] - Test Cases/URL 2/6 DELETE Test Case: Test Cases/URL 2/6 DELETE Test Case

12-02-2024T17:04:17 - [TEST_STEP][PASSED] - response = sendRequest(findTestObject("URL 2/6 DELETE Request")): Send request successfully

12-02-2024T17:04:18 - [MESSAGE][INFO] - HAR: C:\Users\ACER\git\Assigment-2-QA-API\Reports\20240212_170354\1 Test Suite Testing\20240212_170354\requests\main\5.har

12-02-2024T17:04:18 - [MESSAGE][PASSED] - Send request successfully

12-02-2024T17:04:18 - [TEST_STEP][PASSED] - verifyResponseStatusCode(response, 200): Verify response status code successfully

12-02-2024T17:04:18 - [MESSAGE][PASSED] - Verify response status code successfully

12-02-2024T17:04:20 - [TEST_STEP][PASSED] - Video: Video recording for test case 'Test Cases/URL 2/6 DELETE Test Case' .

12-02-2024T17:04:20 - [MESSAGE][INFO] - Video recording for test case 'Test Cases/URL 2/6 DELETE Test Case' .]]></system-out>
         <system-err><![CDATA[]]></system-err>
      </testcase>
      <system-out><![CDATA[12-02-2024T17:04:00 - [TEST_SUITE][PASSED] - 1 Test Suite Testing: Test Cases/URL 2/6 DELETE Test Case]]></system-out>
      <system-err><![CDATA[]]></system-err>
   </testsuite>
</testsuites>
