<?xml version="1.0" encoding="UTF-8"?>
<testsuites name="1 Test Suite Testing" time="14.023" tests="4" failures="0" errors="0">
   <testsuite name="1 Test Suite Testing" tests="4" failures="0" errors="0" time="14.023" skipped="0" timestamp="12-02-2024T16:30:31" hostname="ACER - LAPTOP-DI70DTOM" id="Test Suites/1 Test Suite Testing">
      <properties>
         <property name="deviceName" value=""/>
         <property name="devicePlatform" value=""/>
         <property name="logFolder" value="C:\\Users\\ACER\\git\\Assigment-2-QA-API\\Reports\\20240212_163023\\1 Test Suite Testing\\20240212_163024"/>
         <property name="logFiles" value="C:\\Users\\ACER\\git\\Assigment-2-QA-API\\Reports\\20240212_163023\\1 Test Suite Testing\\20240212_163024\\execution0.log"/>
         <property name="attachments" value=""/>
         <property name="hostName" value="ACER - LAPTOP-DI70DTOM"/>
         <property name="hostAddress" value="172.16.213.233"/>
         <property name="os" value="Windows 11 64bit"/>
         <property name="katalonVersion" value="9.3.0.212"/>
      </properties>
      <testcase name="Test Cases/1 POST Test Case" time="4.797" classname="Test Cases/1 POST Test Case" status="PASSED">
         <system-out><![CDATA[12-02-2024T16:30:31 - [TEST_CASE][PASSED] - Test Cases/1 POST Test Case: Test Cases/1 POST Test Case

12-02-2024T16:30:31 - [TEST_STEP][PASSED] - response = sendRequest(findTestObject("1 POST Request")): Send request successfully

12-02-2024T16:30:33 - [MESSAGE][INFO] - HAR: C:\Users\ACER\git\Assigment-2-QA-API\Reports\20240212_163023\1 Test Suite Testing\20240212_163024\requests\main\0.har

12-02-2024T16:30:33 - [MESSAGE][PASSED] - Send request successfully

12-02-2024T16:30:33 - [TEST_STEP][PASSED] - verifyResponseStatusCode(response, 201): Verify response status code successfully

12-02-2024T16:30:33 - [MESSAGE][PASSED] - Verify response status code successfully

12-02-2024T16:30:36 - [TEST_STEP][PASSED] - Video: Video recording for test case 'Test Cases/1 POST Test Case' .

12-02-2024T16:30:36 - [MESSAGE][INFO] - Video recording for test case 'Test Cases/1 POST Test Case' .]]></system-out>
         <system-err><![CDATA[]]></system-err>
      </testcase>
      <testcase name="Test Cases/2 PUT Request Test Case" time="2.938" classname="Test Cases/2 PUT Request Test Case" status="PASSED">
         <system-out><![CDATA[12-02-2024T16:30:36 - [TEST_CASE][PASSED] - Test Cases/2 PUT Request Test Case: Test Cases/2 PUT Request Test Case

12-02-2024T16:30:36 - [TEST_STEP][PASSED] - response2 = sendRequest(findTestObject("2 PUT Request")): Send request successfully

12-02-2024T16:30:37 - [MESSAGE][INFO] - HAR: C:\Users\ACER\git\Assigment-2-QA-API\Reports\20240212_163023\1 Test Suite Testing\20240212_163024\requests\main\1.har

12-02-2024T16:30:37 - [MESSAGE][PASSED] - Send request successfully

12-02-2024T16:30:37 - [TEST_STEP][PASSED] - verifyResponseStatusCode(response2, 200): Verify response status code successfully

12-02-2024T16:30:37 - [MESSAGE][PASSED] - Verify response status code successfully

12-02-2024T16:30:39 - [TEST_STEP][PASSED] - Video: Video recording for test case 'Test Cases/2 PUT Request Test Case' .

12-02-2024T16:30:39 - [MESSAGE][INFO] - Video recording for test case 'Test Cases/2 PUT Request Test Case' .]]></system-out>
         <system-err><![CDATA[]]></system-err>
      </testcase>
      <testcase name="Test Cases/3 PATCH Request Test Case" time="3.061" classname="Test Cases/3 PATCH Request Test Case" status="PASSED">
         <system-out><![CDATA[12-02-2024T16:30:39 - [TEST_CASE][PASSED] - Test Cases/3 PATCH Request Test Case: Test Cases/3 PATCH Request Test Case

12-02-2024T16:30:39 - [TEST_STEP][PASSED] - response = sendRequest(findTestObject("3 PATCH Request")): Send request successfully

12-02-2024T16:30:40 - [MESSAGE][INFO] - HAR: C:\Users\ACER\git\Assigment-2-QA-API\Reports\20240212_163023\1 Test Suite Testing\20240212_163024\requests\main\2.har

12-02-2024T16:30:40 - [MESSAGE][PASSED] - Send request successfully

12-02-2024T16:30:40 - [TEST_STEP][PASSED] - verifyResponseStatusCode(response, 200): Verify response status code successfully

12-02-2024T16:30:40 - [MESSAGE][PASSED] - Verify response status code successfully

12-02-2024T16:30:42 - [TEST_STEP][PASSED] - Video: Video recording for test case 'Test Cases/3 PATCH Request Test Case' .

12-02-2024T16:30:42 - [MESSAGE][INFO] - Video recording for test case 'Test Cases/3 PATCH Request Test Case' .]]></system-out>
         <system-err><![CDATA[]]></system-err>
      </testcase>
      <testcase name="Test Cases/4 Delete Request Test Case" time="3.053" classname="Test Cases/4 Delete Request Test Case" status="PASSED">
         <system-out><![CDATA[12-02-2024T16:30:42 - [TEST_CASE][PASSED] - Test Cases/4 Delete Request Test Case: Test Cases/4 Delete Request Test Case

12-02-2024T16:30:42 - [TEST_STEP][PASSED] - response = sendRequest(findTestObject("4 DELETE Request")): Send request successfully

12-02-2024T16:30:43 - [MESSAGE][INFO] - HAR: C:\Users\ACER\git\Assigment-2-QA-API\Reports\20240212_163023\1 Test Suite Testing\20240212_163024\requests\main\3.har

12-02-2024T16:30:43 - [MESSAGE][PASSED] - Send request successfully

12-02-2024T16:30:43 - [TEST_STEP][PASSED] - verifyResponseStatusCode(response, 200): Verify response status code successfully

12-02-2024T16:30:43 - [MESSAGE][PASSED] - Verify response status code successfully

12-02-2024T16:30:45 - [TEST_STEP][PASSED] - Video: Video recording for test case 'Test Cases/4 Delete Request Test Case' .

12-02-2024T16:30:45 - [MESSAGE][INFO] - Video recording for test case 'Test Cases/4 Delete Request Test Case' .]]></system-out>
         <system-err><![CDATA[]]></system-err>
      </testcase>
      <system-out><![CDATA[12-02-2024T16:30:31 - [TEST_SUITE][PASSED] - 1 Test Suite Testing: Test Cases/4 Delete Request Test Case]]></system-out>
      <system-err><![CDATA[]]></system-err>
   </testsuite>
</testsuites>
